2008-Nov-09 13:33:18.834851New Event List!
2008-Nov-09 13:33:18.836288New Event List!
2008-Nov-09 13:33:18.837298New Event List!
2008-Nov-09 13:33:18.838559New Event List!
2008-Nov-09 13:33:19.090813New Event List!
2008-Nov-09 13:33:19.092165New Event List!
2008-Nov-09 13:33:19.093151New Event List!
2008-Nov-09 13:33:19.094410New Event List!
2008-Nov-09 13:33:19.347001New Event List!
2008-Nov-09 13:33:19.348346New Event List!
2008-Nov-09 13:33:19.349348New Event List!
2008-Nov-09 13:33:19.350583New Event List!
2008-Nov-09 13:33:19.604096New Event List!
2008-Nov-09 13:33:19.605445New Event List!
2008-Nov-09 13:33:19.606538New Event List!
2008-Nov-09 13:33:19.607780New Event List!
2008-Nov-09 13:33:19.858926New Event List!
2008-Nov-09 13:33:19.860277New Event List!
2008-Nov-09 13:33:19.861264New Event List!
2008-Nov-09 13:33:19.862505New Event List!
2008-Nov-09 13:33:20.114781New Event List!
2008-Nov-09 13:33:20.116129New Event List!
2008-Nov-09 13:33:20.117116New Event List!
2008-Nov-09 13:33:20.118373New Event List!
2008-Nov-09 13:33:20.370846New Event List!
2008-Nov-09 13:33:20.372195New Event List!
2008-Nov-09 13:33:20.373200New Event List!
2008-Nov-09 13:33:20.374462New Event List!
2008-Nov-09 13:33:20.626897New Event List!
2008-Nov-09 13:33:20.628246New Event List!
2008-Nov-09 13:33:20.629251New Event List!
2008-Nov-09 13:33:20.630510New Event List!
2008-Nov-09 13:33:20.882799New Event List!
2008-Nov-09 13:33:20.884148New Event List!
2008-Nov-09 13:33:20.885154New Event List!
2008-Nov-09 13:33:20.886483New Event List!
2008-Nov-09 13:33:21.139242New Event List!
2008-Nov-09 13:33:21.140588New Event List!
2008-Nov-09 13:33:21.141582New Event List!
2008-Nov-09 13:33:21.142843New Event List!
2008-Nov-09 13:33:21.395292New Event List!
2008-Nov-09 13:33:21.396641New Event List!
2008-Nov-09 13:33:21.397649New Event List!
2008-Nov-09 13:33:21.398901New Event List!
2008-Nov-09 13:33:21.650809New Event List!
2008-Nov-09 13:33:21.652234New Event List!
2008-Nov-09 13:33:21.653242New Event List!
2008-Nov-09 13:33:21.654478New Event List!
2008-Nov-09 13:33:21.907509New Event List!
2008-Nov-09 13:33:21.908856New Event List!
2008-Nov-09 13:33:21.909842New Event List!
2008-Nov-09 13:33:21.911075New Event List!
2008-Nov-09 13:33:22.190872New Event List!
2008-Nov-09 13:33:22.192224New Event List!
2008-Nov-09 13:33:22.193228New Event List!
2008-Nov-09 13:33:22.194483New Event List!
2008-Nov-09 13:33:22.455486New Event List!
2008-Nov-09 13:33:22.456830New Event List!
2008-Nov-09 13:33:22.457835New Event List!
2008-Nov-09 13:33:22.459087New Event List!
2008-Nov-09 13:33:22.750398New Event List!
2008-Nov-09 13:33:22.751820New Event List!
2008-Nov-09 13:33:22.752811New Event List!
2008-Nov-09 13:33:22.754056New Event List!
2008-Nov-09 13:33:23.007250New Event List!
2008-Nov-09 13:33:23.008603New Event List!
2008-Nov-09 13:33:23.009591New Event List!
2008-Nov-09 13:33:23.010829New Event List!
2008-Nov-09 13:33:23.278938New Event List!
2008-Nov-09 13:33:23.280288New Event List!
2008-Nov-09 13:33:23.281274New Event List!
2008-Nov-09 13:33:23.282505New Event List!
2008-Nov-09 13:33:23.564156New Event List!
2008-Nov-09 13:33:23.565517New Event List!
2008-Nov-09 13:33:23.566521New Event List!
2008-Nov-09 13:33:23.567760New Event List!
2008-Nov-09 13:33:23.832700New Event List!
2008-Nov-09 13:33:23.834040New Event List!
2008-Nov-09 13:33:23.835149New Event List!
2008-Nov-09 13:33:23.836372New Event List!
2008-Nov-09 13:33:24.090834New Event List!
2008-Nov-09 13:33:24.092192New Event List!
2008-Nov-09 13:33:24.093198New Event List!
2008-Nov-09 13:33:24.094464New Event List!
2008-Nov-09 13:33:24.346925New Event List!
2008-Nov-09 13:33:24.348276New Event List!
2008-Nov-09 13:33:24.349281New Event List!
2008-Nov-09 13:33:24.350540New Event List!
2008-Nov-09 13:33:24.604127New Event List!
2008-Nov-09 13:33:24.605473New Event List!
2008-Nov-09 13:33:24.606495New Event List!
2008-Nov-09 13:33:24.607716New Event List!
2008-Nov-09 13:33:24.858738New Event List!
2008-Nov-09 13:33:24.860085New Event List!
2008-Nov-09 13:33:24.861090New Event List!
2008-Nov-09 13:33:24.862327New Event List!
2008-Nov-09 13:33:25.115067New Event List!
2008-Nov-09 13:33:25.116418New Event List!
2008-Nov-09 13:33:25.117424New Event List!
2008-Nov-09 13:33:25.118745New Event List!
2008-Nov-09 13:33:25.370855New Event List!
2008-Nov-09 13:33:25.372201New Event List!
2008-Nov-09 13:33:25.373187New Event List!
2008-Nov-09 13:33:25.374453New Event List!
2008-Nov-09 13:33:25.626895New Event List!
2008-Nov-09 13:33:25.628281New Event List!
2008-Nov-09 13:33:25.629273New Event List!
2008-Nov-09 13:33:25.630507New Event List!
2008-Nov-09 13:33:25.885076New Event List!
2008-Nov-09 13:33:25.886453New Event List!
2008-Nov-09 13:33:25.887441New Event List!
2008-Nov-09 13:33:25.888679New Event List!
2008-Nov-09 13:33:26.138747New Event List!
2008-Nov-09 13:33:26.140093New Event List!
2008-Nov-09 13:33:26.141163New Event List!
2008-Nov-09 13:33:26.142430New Event List!
2008-Nov-09 13:33:26.394807New Event List!
2008-Nov-09 13:33:26.396159New Event List!
2008-Nov-09 13:33:26.397154New Event List!
2008-Nov-09 13:33:26.398411New Event LList!
2008-Nov-09 13:33:27.934500New Event List!

2008-Nov-09 13:33:28.186907New Event List!iff: 7358 vel.z: -18.3544
2008-Nov-09 13:33:29.507293 us_diff: 7425 vel.z: 25.1319
2008-Nov-09 13:33:29.752530 us_diff: 17603 vel.z: 34.0679
2008-Nov-09 13:33:29.752609 us_diff: 17vel.z: 28.8646
2008-Nov-09 13:33:29.766406 us_diff: 12838 vel.z: 9.27526
2008-No.0883
2008-Nov-09 13:33:29.960686New Event List!
2008-Nov-09 13:33:29.972685 us_d3 vel.z: 37.9662
2008-Nov-09 13:33:30.164920 us_diff: 13913 vel.z: 37.9814
2008-Nov-09 13:33:30.165000 us_diff: 1416 vel.z: -53.5581
2008-Nov-09 13:33:30.177378 us_diff: 11416 vel.z: -28.7217
2008-Nov-09 13:33:30.180431 us_diff: 1439 13:33:30.893031 ff: 17360 vel.z: 2.83399
2008-Nov-09 13:33:31.124957 us_diff: 17506 vel.z: 3.01519
2008-Nov