10:01:27: Creating resource group General
10:01:27: Creating resource group Internal
10:01:27: Creating resource group Autodetect
10:01:27: SceneManagerFactory for type 'DefaultSceneManager' registered.
10:01:27: Registering ResourceManager for type Material
10:01:27: Registering ResourceManager for type Mesh
10:01:27: Registering ResourceManager for type Skeleton
10:01:27: MovableObjectFactory for type 'ParticleSystem' registered.
10:01:27: OverlayElementFactory for type Panel registered.
10:01:27: OverlayElementFactory for type BorderPanel registered.
10:01:27: OverlayElementFactory for type TextArea registered.
10:01:27: Registering ResourceManager for type Font
10:01:27: ArchiveFactory for archive type FileSystem registered.
10:01:27: ArchiveFactory for archive type Zip registered.
10:01:27: FreeImage version: 3.10.0
10:01:27: This program uses FreeImage, a free, open source image library supporting all common bitmap formats. See http://freeimage.sourceforge.net for details
10:01:27: Supported formats: bmp,ico,jpg,jif,jpeg,jpe,jng,koa,iff,lbm,mng,pbm,pbm,pcd,pcx,pgm,pgm,png,ppm,ppm,ras,tga,targa,tif,tiff,wap,wbmp,wbm,psd,cut,xbm,xpm,gif,hdr,g3,sgi,exr,j2k,j2c,jp2
10:01:27: DDS codec registering
10:01:27: Registering ResourceManager for type HighLevelGpuProgram
10:01:27: Registering ResourceManager for type Compositor
10:01:27: MovableObjectFactory for type 'Entity' registered.
10:01:27: MovableObjectFactory for type 'Light' registered.
10:01:27: MovableObjectFactory for type 'BillboardSet' registered.
10:01:27: MovableObjectFactory for type 'ManualObject' registered.
10:01:27: MovableObjectFactory for type 'BillboardChain' registered.
10:01:27: MovableObjectFactory for type 'RibbonTrail' registered.
10:01:27: OGRE EXCEPTION(6:FileNotFoundException): 'plugins.cfg' file not found! in ConfigFile::load at OgreConfigFile.cpp (line 84)
10:01:27: plugins.cfg not found, automatic plugin loading disabled.
10:01:27: *-*-* OGRE Initialising
10:01:27: *-*-* Version 1.5.0 (Shoggoth)
10:01:27: OGRE EXCEPTION(6:FileNotFoundException): 'resources.cfg' file not found! in ConfigFile::load at OgreConfigFile.cpp (line 84)
